[20-Mar-2013 19:30:29 UTC] PHP Warning:  include(ipnlistener.php): failed to open stream: No such file or directory in /opt/lampp/htdocs/project/App/Controller/Ipn.php on line 44
[20-Mar-2013 19:30:29 UTC] PHP Warning:  include(): Failed opening 'ipnlistener.php' for inclusion (include_path='.:/opt/lampp/lib/php') in /opt/lampp/htdocs/project/App/Controller/Ipn.php on line 44
[20-Mar-2013 19:30:29 UTC] PHP Fatal error:  Class 'App\Util\IpnListener' not found in /opt/lampp/htdocs/project/App/Controller/Ipn.php on line 45
[20-Mar-2013 19:33:15 UTC] PHP Warning:  include(ipnlistener.php): failed to open stream: No such file or directory in /opt/lampp/htdocs/project/App/Controller/Ipn.php on line 44
[20-Mar-2013 19:33:15 UTC] PHP Warning:  include(): Failed opening 'ipnlistener.php' for inclusion (include_path='.:/opt/lampp/lib/php') in /opt/lampp/htdocs/project/App/Controller/Ipn.php on line 44
[20-Mar-2013 19:33:15 UTC] PHP Fatal error:  Class 'App\Util\IpnListener' not found in /opt/lampp/htdocs/project/App/Controller/Ipn.php on line 45
[20-Mar-2013 19:33:17 UTC] PHP Warning:  include(ipnlistener.php): failed to open stream: No such file or directory in /opt/lampp/htdocs/project/App/Controller/Ipn.php on line 44
[20-Mar-2013 19:33:17 UTC] PHP Warning:  include(): Failed opening 'ipnlistener.php' for inclusion (include_path='.:/opt/lampp/lib/php') in /opt/lampp/htdocs/project/App/Controller/Ipn.php on line 44
[20-Mar-2013 19:33:17 UTC] PHP Fatal error:  Class 'App\Util\IpnListener' not found in /opt/lampp/htdocs/project/App/Controller/Ipn.php on line 45
[20-Mar-2013 19:36:59 UTC] PHP Warning:  include(ipnlistener.php): failed to open stream: No such file or directory in /opt/lampp/htdocs/project/App/Controller/Ipn.php on line 44
[20-Mar-2013 19:36:59 UTC] PHP Warning:  include(): Failed opening 'ipnlistener.php' for inclusion (include_path='.:/opt/lampp/lib/php') in /opt/lampp/htdocs/project/App/Controller/Ipn.php on line 44
[20-Mar-2013 19:36:59 UTC] PHP Fatal error:  Class 'App\Util\IpnListener' not found in /opt/lampp/htdocs/project/App/Controller/Ipn.php on line 45
[20-Mar-2013 19:37:37 UTC] PHP Fatal error:  Class 'App\Util\IpnListener' not found in /opt/lampp/htdocs/project/App/Controller/Ipn.php on line 45
[20-Mar-2013 19:38:51 UTC] PHP Fatal error:  Class 'App\Util\IpnListener' not found in /opt/lampp/htdocs/project/App/Controller/Ipn.php on line 45
[20-Mar-2013 19:40:44 UTC] PHP Warning:  require_once(App/Util/Exception.php): failed to open stream: No such file or directory in /opt/lampp/htdocs/project/App/FrontController.php on line 96
[20-Mar-2013 19:40:44 UTC] PHP Fatal error:  require_once(): Failed opening required 'App/Util/Exception.php' (include_path='.:/opt/lampp/lib/php') in /opt/lampp/htdocs/project/App/FrontController.php on line 96
[20-Mar-2013 19:41:34 UTC] PHP Warning:  require_once(App/Util/Exception.php): failed to open stream: No such file or directory in /opt/lampp/htdocs/project/App/FrontController.php on line 96
[20-Mar-2013 19:41:34 UTC] PHP Fatal error:  require_once(): Failed opening required 'App/Util/Exception.php' (include_path='.:/opt/lampp/lib/php') in /opt/lampp/htdocs/project/App/FrontController.php on line 96
[20-Mar-2013 19:43:25 UTC] PHP Warning:  require_once(App/Util/Exception.php): failed to open stream: No such file or directory in /opt/lampp/htdocs/project/App/FrontController.php on line 96
[20-Mar-2013 19:43:25 UTC] PHP Fatal error:  require_once(): Failed opening required 'App/Util/Exception.php' (include_path='.:/opt/lampp/lib/php') in /opt/lampp/htdocs/project/App/FrontController.php on line 96
[20-Mar-2013 19:46:54 UTC] Invalid HTTP request method.
